{"name":": Buscar un producto en el buscador fallido","id":"hu-004-prueba-exitosa-y-errada;:-buscar-un-producto-en-el-buscador-fallido","testSteps":[{"number":1,"description":"Given inicializo la pagina Dekosas con la url https://dekosas.com/co/","duration":8576,"startTime":"2021-06-17T11:01:27.190-05:00[America/Bogota]","screenshots":[{"screenshot":"b237895ecabb38ad0c7472a5b154bd60f5704b25de5bafeb7886642a042cff8a.png","timeStamp":1623945695766}],"result":"SUCCESS","precondition":false,"level":0},{"number":2,"description":"When deseo un producto del buscador\r\n| nombreProducto |\r\n| Bion3 |","duration":12424,"startTime":"2021-06-17T11:01:35.772-05:00[America/Bogota]","screenshots":[{"screenshot":"b237895ecabb38ad0c7472a5b154bd60f5704b25de5bafeb7886642a042cff8a.png","timeStamp":1623945695786}],"exception":{"errorType":"net.thucydides.core.webdriver.exceptions.ElementShouldBeEnabledException","message":"Expected enabled element was not enabled","stackTrace":[{"declaringClass":"tasks.BuscarProductoEnDekosas","methodName":"performAs","fileName":"BuscarProductoEnDekosas.java","lineNumber":35},{"declaringClass":"stepDefinitions.BuscadorDekosasFalloStepDefinitions","methodName":"deseoUnProductoDelBuscador","fileName":"BuscadorDekosasFalloStepDefinitions.java","lineNumber":31},{"declaringClass":"cucumber.runner.Runner","methodName":"runPickle","fileName":"Runner.java","lineNumber":80}],"rootCause":{"errorType":"org.openqa.selenium.TimeoutException","message":"Expected condition failed: waiting for By.xpath: //img[contains(@alt,\u0027Bion3\u0027)] to be enabled (tried for 5 second(s) with 100 milliseconds interval)","stackTrace":[{"declaringClass":"tasks.BuscarProductoEnDekosas","methodName":"performAs","fileName":"BuscarProductoEnDekosas.java","lineNumber":35},{"declaringClass":"stepDefinitions.BuscadorDekosasFalloStepDefinitions","methodName":"deseoUnProductoDelBuscador","fileName":"BuscadorDekosasFalloStepDefinitions.java","lineNumber":31},{"declaringClass":"cucumber.runner.Runner","methodName":"runPickle","fileName":"Runner.java","lineNumber":80}],"rootCause":{"errorType":"org.openqa.selenium.NoSuchElementException","message":"no such element: Unable to locate element: {\"method\":\"xpath\",\"selector\":\"//img[contains(@alt,\u0027Bion3\u0027)]\"}\n  (Session info: chrome\u003d91.0.4472.106)\nFor documentation on this error, please visit: https://www.seleniumhq.org/exceptions/no_such_element.html\nBuild info: version: \u00273.141.59\u0027, revision: \u0027e82be7d358\u0027, time: \u00272018-11-14T08:17:03\u0027\nSystem info: host: \u0027DESKTOP-POEHMIU\u0027, ip: \u0027192.168.56.1\u0027, os.name: \u0027Windows 10\u0027, os.arch: \u0027amd64\u0027, os.version: \u002710.0\u0027, java.version: \u00271.8.0_291\u0027\nDriver info: org.openqa.selenium.chrome.ChromeDriver\nCapabilities {acceptInsecureCerts: false, browserName: chrome, browserVersion: 91.0.4472.106, chrome: {chromedriverVersion: 90.0.4430.24 (4c6d850f087da..., userDataDir: C:\\Users\\ASTRID\\AppData\\Loc...}, goog:chromeOptions: {debuggerAddress: localhost:62486}, javascriptEnabled: true, networkConnectionEnabled: false, pageLoadStrategy: normal, platform: WINDOWS, platformName: WINDOWS, proxy: Proxy(), setWindowRect: true, strictFileInteractability: false, timeouts: {implicit: 0, pageLoad: 300000, script: 30000}, unhandledPromptBehavior: dismiss and notify, webauthn:extension:largeBlob: true, webauthn:virtualAuthenticators: true}\nSession ID: ec51d6a74942a9b849553c2c8e030355\n*** Element info: {Using\u003dxpath, value\u003d//img[contains(@alt,\u0027Bion3\u0027)]}","stackTrace":[{"declaringClass":"tasks.BuscarProductoEnDekosas","methodName":"performAs","fileName":"BuscarProductoEnDekosas.java","lineNumber":35},{"declaringClass":"stepDefinitions.BuscadorDekosasFalloStepDefinitions","methodName":"deseoUnProductoDelBuscador","fileName":"BuscadorDekosasFalloStepDefinitions.java","lineNumber":31},{"declaringClass":"cucumber.runner.Runner","methodName":"runPickle","fileName":"Runner.java","lineNumber":80}]}}},"result":"FAILURE","precondition":false,"level":0,"children":[{"number":3,"description":"Astrid buscar producto en dekosas","duration":12384,"startTime":"2021-06-17T11:01:35.796-05:00[America/Bogota]","screenshots":[{"screenshot":"b237895ecabb38ad0c7472a5b154bd60f5704b25de5bafeb7886642a042cff8a.png","timeStamp":1623945695812}],"exception":{"errorType":"net.thucydides.core.webdriver.exceptions.ElementShouldBeEnabledException","message":"Expected enabled element was not enabled","stackTrace":[{"declaringClass":"tasks.BuscarProductoEnDekosas","methodName":"performAs","fileName":"BuscarProductoEnDekosas.java","lineNumber":35},{"declaringClass":"stepDefinitions.BuscadorDekosasFalloStepDefinitions","methodName":"deseoUnProductoDelBuscador","fileName":"BuscadorDekosasFalloStepDefinitions.java","lineNumber":31},{"declaringClass":"cucumber.runner.Runner","methodName":"runPickle","fileName":"Runner.java","lineNumber":80}],"rootCause":{"errorType":"org.openqa.selenium.TimeoutException","message":"Expected condition failed: waiting for By.xpath: //img[contains(@alt,\u0027Bion3\u0027)] to be enabled (tried for 5 second(s) with 100 milliseconds interval)","stackTrace":[{"declaringClass":"tasks.BuscarProductoEnDekosas","methodName":"performAs","fileName":"BuscarProductoEnDekosas.java","lineNumber":35},{"declaringClass":"stepDefinitions.BuscadorDekosasFalloStepDefinitions","methodName":"deseoUnProductoDelBuscador","fileName":"BuscadorDekosasFalloStepDefinitions.java","lineNumber":31},{"declaringClass":"cucumber.runner.Runner","methodName":"runPickle","fileName":"Runner.java","lineNumber":80}],"rootCause":{"errorType":"org.openqa.selenium.NoSuchElementException","message":"no such element: Unable to locate element: {\"method\":\"xpath\",\"selector\":\"//img[contains(@alt,\u0027Bion3\u0027)]\"}\n  (Session info: chrome\u003d91.0.4472.106)\nFor documentation on this error, please visit: https://www.seleniumhq.org/exceptions/no_such_element.html\nBuild info: version: \u00273.141.59\u0027, revision: \u0027e82be7d358\u0027, time: \u00272018-11-14T08:17:03\u0027\nSystem info: host: \u0027DESKTOP-POEHMIU\u0027, ip: \u0027192.168.56.1\u0027, os.name: \u0027Windows 10\u0027, os.arch: \u0027amd64\u0027, os.version: \u002710.0\u0027, java.version: \u00271.8.0_291\u0027\nDriver info: org.openqa.selenium.chrome.ChromeDriver\nCapabilities {acceptInsecureCerts: false, browserName: chrome, browserVersion: 91.0.4472.106, chrome: {chromedriverVersion: 90.0.4430.24 (4c6d850f087da..., userDataDir: C:\\Users\\ASTRID\\AppData\\Loc...}, goog:chromeOptions: {debuggerAddress: localhost:62486}, javascriptEnabled: true, networkConnectionEnabled: false, pageLoadStrategy: normal, platform: WINDOWS, platformName: WINDOWS, proxy: Proxy(), setWindowRect: true, strictFileInteractability: false, timeouts: {implicit: 0, pageLoad: 300000, script: 30000}, unhandledPromptBehavior: dismiss and notify, webauthn:extension:largeBlob: true, webauthn:virtualAuthenticators: true}\nSession ID: ec51d6a74942a9b849553c2c8e030355\n*** Element info: {Using\u003dxpath, value\u003d//img[contains(@alt,\u0027Bion3\u0027)]}","stackTrace":[{"declaringClass":"tasks.BuscarProductoEnDekosas","methodName":"performAs","fileName":"BuscarProductoEnDekosas.java","lineNumber":35},{"declaringClass":"stepDefinitions.BuscadorDekosasFalloStepDefinitions","methodName":"deseoUnProductoDelBuscador","fileName":"BuscadorDekosasFalloStepDefinitions.java","lineNumber":31},{"declaringClass":"cucumber.runner.Runner","methodName":"runPickle","fileName":"Runner.java","lineNumber":80}]}}},"result":"FAILURE","precondition":false,"level":1,"children":[{"number":4,"description":"Astrid enters \u0027Bion3\u0027 then hits [ENTER] into ","duration":6723,"startTime":"2021-06-17T11:01:35.815-05:00[America/Bogota]","screenshots":[{"screenshot":"b2efd0f55328386ce8b0174715f132fdb9bab0f094c8afd3d3630fed53b38ee6.png","timeStamp":1623945702538}],"result":"SUCCESS","precondition":false,"level":2},{"number":5,"description":"Astrid clicks on ","duration":5622,"startTime":"2021-06-17T11:01:42.541-05:00[America/Bogota]","screenshots":[{"screenshot":"b2efd0f55328386ce8b0174715f132fdb9bab0f094c8afd3d3630fed53b38ee6.png","timeStamp":1623945702564},{"screenshot":"7077dc9353d2c333dd000a29b989cad00bd52cd3d7301ff5abb4e5c121d675b1.png","htmlSource":"pagesource4364676743513529157.html.txt","timeStamp":1623945708161}],"exception":{"errorType":"net.thucydides.core.webdriver.exceptions.ElementShouldBeEnabledException","message":"Expected enabled element was not enabled","stackTrace":[{"declaringClass":"tasks.BuscarProductoEnDekosas","methodName":"performAs","fileName":"BuscarProductoEnDekosas.java","lineNumber":35},{"declaringClass":"stepDefinitions.BuscadorDekosasFalloStepDefinitions","methodName":"deseoUnProductoDelBuscador","fileName":"BuscadorDekosasFalloStepDefinitions.java","lineNumber":31},{"declaringClass":"cucumber.runner.Runner","methodName":"runPickle","fileName":"Runner.java","lineNumber":80}],"rootCause":{"errorType":"org.openqa.selenium.TimeoutException","message":"Expected condition failed: waiting for By.xpath: //img[contains(@alt,\u0027Bion3\u0027)] to be enabled (tried for 5 second(s) with 100 milliseconds interval)","stackTrace":[{"declaringClass":"tasks.BuscarProductoEnDekosas","methodName":"performAs","fileName":"BuscarProductoEnDekosas.java","lineNumber":35},{"declaringClass":"stepDefinitions.BuscadorDekosasFalloStepDefinitions","methodName":"deseoUnProductoDelBuscador","fileName":"BuscadorDekosasFalloStepDefinitions.java","lineNumber":31},{"declaringClass":"cucumber.runner.Runner","methodName":"runPickle","fileName":"Runner.java","lineNumber":80}],"rootCause":{"errorType":"org.openqa.selenium.NoSuchElementException","message":"no such element: Unable to locate element: {\"method\":\"xpath\",\"selector\":\"//img[contains(@alt,\u0027Bion3\u0027)]\"}\n  (Session info: chrome\u003d91.0.4472.106)\nFor documentation on this error, please visit: https://www.seleniumhq.org/exceptions/no_such_element.html\nBuild info: version: \u00273.141.59\u0027, revision: \u0027e82be7d358\u0027, time: \u00272018-11-14T08:17:03\u0027\nSystem info: host: \u0027DESKTOP-POEHMIU\u0027, ip: \u0027192.168.56.1\u0027, os.name: \u0027Windows 10\u0027, os.arch: \u0027amd64\u0027, os.version: \u002710.0\u0027, java.version: \u00271.8.0_291\u0027\nDriver info: org.openqa.selenium.chrome.ChromeDriver\nCapabilities {acceptInsecureCerts: false, browserName: chrome, browserVersion: 91.0.4472.106, chrome: {chromedriverVersion: 90.0.4430.24 (4c6d850f087da..., userDataDir: C:\\Users\\ASTRID\\AppData\\Loc...}, goog:chromeOptions: {debuggerAddress: localhost:62486}, javascriptEnabled: true, networkConnectionEnabled: false, pageLoadStrategy: normal, platform: WINDOWS, platformName: WINDOWS, proxy: Proxy(), setWindowRect: true, strictFileInteractability: false, timeouts: {implicit: 0, pageLoad: 300000, script: 30000}, unhandledPromptBehavior: dismiss and notify, webauthn:extension:largeBlob: true, webauthn:virtualAuthenticators: true}\nSession ID: ec51d6a74942a9b849553c2c8e030355\n*** Element info: {Using\u003dxpath, value\u003d//img[contains(@alt,\u0027Bion3\u0027)]}","stackTrace":[{"declaringClass":"tasks.BuscarProductoEnDekosas","methodName":"performAs","fileName":"BuscarProductoEnDekosas.java","lineNumber":35},{"declaringClass":"stepDefinitions.BuscadorDekosasFalloStepDefinitions","methodName":"deseoUnProductoDelBuscador","fileName":"BuscadorDekosasFalloStepDefinitions.java","lineNumber":31},{"declaringClass":"cucumber.runner.Runner","methodName":"runPickle","fileName":"Runner.java","lineNumber":80}]}}},"result":"FAILURE","precondition":false,"level":2}]}]},{"number":6,"description":"Then puedo validar el articulo en pantalla","duration":15,"startTime":"2021-06-17T11:01:48.218-05:00[America/Bogota]","result":"SKIPPED","precondition":false,"level":0}],"userStory":{"id":"hu-004-prueba-exitosa-y-errada","storyName":"HU-004 Prueba exitosa y errada","path":"src/test/resources/features/BuscadorDekosasFallo.feature","type":"feature"},"featureTag":{"name":"Features/HU-004 Prueba exitosa y errada","type":"feature","displayName":"Features/HU-004 Prueba exitosa y errada"},"title":": Buscar un producto en el buscador fallido","tags":[{"name":"HU-004 Prueba exitosa y errada","type":"feature","displayName":"HU-004 Prueba exitosa y errada"}],"startTime":"2021-06-17T11:01:27.177-05:00[America/Bogota]","duration":21056,"testFailureCause":{"errorType":"net.thucydides.core.webdriver.exceptions.ElementShouldBeEnabledException","message":"Expected enabled element was not enabled","stackTrace":[{"declaringClass":"tasks.BuscarProductoEnDekosas","methodName":"performAs","fileName":"BuscarProductoEnDekosas.java","lineNumber":35},{"declaringClass":"stepDefinitions.BuscadorDekosasFalloStepDefinitions","methodName":"deseoUnProductoDelBuscador","fileName":"BuscadorDekosasFalloStepDefinitions.java","lineNumber":31},{"declaringClass":"cucumber.runner.Runner","methodName":"runPickle","fileName":"Runner.java","lineNumber":80}],"rootCause":{"errorType":"org.openqa.selenium.TimeoutException","message":"Expected condition failed: waiting for By.xpath: //img[contains(@alt,\u0027Bion3\u0027)] to be enabled (tried for 5 second(s) with 100 milliseconds interval)","stackTrace":[{"declaringClass":"tasks.BuscarProductoEnDekosas","methodName":"performAs","fileName":"BuscarProductoEnDekosas.java","lineNumber":35},{"declaringClass":"stepDefinitions.BuscadorDekosasFalloStepDefinitions","methodName":"deseoUnProductoDelBuscador","fileName":"BuscadorDekosasFalloStepDefinitions.java","lineNumber":31},{"declaringClass":"cucumber.runner.Runner","methodName":"runPickle","fileName":"Runner.java","lineNumber":80}],"rootCause":{"errorType":"org.openqa.selenium.NoSuchElementException","message":"no such element: Unable to locate element: {\"method\":\"xpath\",\"selector\":\"//img[contains(@alt,\u0027Bion3\u0027)]\"}\n  (Session info: chrome\u003d91.0.4472.106)\nFor documentation on this error, please visit: https://www.seleniumhq.org/exceptions/no_such_element.html\nBuild info: version: \u00273.141.59\u0027, revision: \u0027e82be7d358\u0027, time: \u00272018-11-14T08:17:03\u0027\nSystem info: host: \u0027DESKTOP-POEHMIU\u0027, ip: \u0027192.168.56.1\u0027, os.name: \u0027Windows 10\u0027, os.arch: \u0027amd64\u0027, os.version: \u002710.0\u0027, java.version: \u00271.8.0_291\u0027\nDriver info: org.openqa.selenium.chrome.ChromeDriver\nCapabilities {acceptInsecureCerts: false, browserName: chrome, browserVersion: 91.0.4472.106, chrome: {chromedriverVersion: 90.0.4430.24 (4c6d850f087da..., userDataDir: C:\\Users\\ASTRID\\AppData\\Loc...}, goog:chromeOptions: {debuggerAddress: localhost:62486}, javascriptEnabled: true, networkConnectionEnabled: false, pageLoadStrategy: normal, platform: WINDOWS, platformName: WINDOWS, proxy: Proxy(), setWindowRect: true, strictFileInteractability: false, timeouts: {implicit: 0, pageLoad: 300000, script: 30000}, unhandledPromptBehavior: dismiss and notify, webauthn:extension:largeBlob: true, webauthn:virtualAuthenticators: true}\nSession ID: ec51d6a74942a9b849553c2c8e030355\n*** Element info: {Using\u003dxpath, value\u003d//img[contains(@alt,\u0027Bion3\u0027)]}","stackTrace":[{"declaringClass":"tasks.BuscarProductoEnDekosas","methodName":"performAs","fileName":"BuscarProductoEnDekosas.java","lineNumber":35},{"declaringClass":"stepDefinitions.BuscadorDekosasFalloStepDefinitions","methodName":"deseoUnProductoDelBuscador","fileName":"BuscadorDekosasFalloStepDefinitions.java","lineNumber":31},{"declaringClass":"cucumber.runner.Runner","methodName":"runPickle","fileName":"Runner.java","lineNumber":80}]}}},"testFailureClassname":"net.thucydides.core.webdriver.exceptions.ElementShouldBeEnabledException","testFailureMessage":"Expected enabled element was not enabled","testFailureSummary":"FAILURE;net.thucydides.core.webdriver.exceptions.ElementShouldBeEnabledException;Expected enabled element was not enabled;BuscarProductoEnDekosas.java","projectKey":"","annotatedResult":"FAILURE","sessionId":"ec51d6a74942a9b849553c2c8e030355","driver":"chrome","isManualTestingUpToDate":false,"manual":false,"testSource":"Cucumber","actors":[{"name":"Astrid","can":["browse the web"]}],"result":"FAILURE"}